<?xml version="1.0" encoding="UTF-8"?>
<!-- Generated by org.testng.reporters.JUnitReportReporter -->
<testsuite hostname="LAPTOP-POGUVL90" failures="0" tests="3" name="abstract_study.Myclass" time="0.009" errors="0" timestamp="2022-03-17T18:04:32 IST" skipped="0">
  <testcase classname="abstract_study.Myclass" name="f2" time="0.001"/>
  <system-out/>
  <testcase classname="abstract_study.Myclass" name="f" time="0.007"/>
  <system-out/>
  <testcase classname="abstract_study.Myclass" name="f1" time="0.001"/>
  <system-out/>
</testsuite> <!-- abstract_study.Myclass -->
